Log file opened on Tue Sep  8 14:24:24 2020
Host: pod29b12  pid: 11123  nodeid: 0  nnodes:  1
Gromacs version:    VERSION 4.6.7
Precision:          single
Memory model:       64 bit
MPI library:        MPI
OpenMP support:     enabled
GPU support:        disabled
invsqrt routine:    gmx_software_invsqrt(x)
CPU acceleration:   SSE4.1
FFT library:        fftw-3.3.2-sse2
Large file support: enabled
RDTSCP usage:       enabled
Built on:           Tue Sep  8 14:10:57 PDT 2020
Built by:           cttm4a1@seawolf2 [CMAKE]
Build OS/arch:      Linux 2.6.32-358.18.1.el6.x86_64 x86_64
Build CPU vendor:   GenuineIntel
Build CPU brand:    Intel(R) Xeon(R) CPU           X5650  @ 2.67GHz
Build CPU family:   6   Model: 44   Stepping: 2
Build CPU features: aes apic clfsh cmov cx8 cx16 htt lahf_lm mmx msr nonstop_tsc pcid pclmuldq pdcm pdpe1gb popcnt pse rdtscp sse2 sse3 sse4.1 sse4.2 ssse3
C compiler:         /usr/bin/cc GNU cc (GCC) 4.4.7 20120313 (Red Hat 4.4.7-3)
C compiler flags:   -msse4.1    -Wextra -Wno-missing-field-initializers -Wno-sign-compare -Wall -Wno-unused -Wunused-value   -fomit-frame-pointer -funroll-all-loops  -O3 -DNDEBUG


                         :-)  G  R  O  M  A  C  S  (-:

                  Green Red Orange Magenta Azure Cyan Skyblue

                            :-)  VERSION 4.6.7  (-:

        Contributions from Mark Abraham, Emile Apol, Rossen Apostolov, 
           Herman J.C. Berendsen, Aldert van Buuren, Pär Bjelkmar,  
     Rudi van Drunen, Anton Feenstra, Gerrit Groenhof, Christoph Junghans, 
        Peter Kasson, Carsten Kutzner, Per Larsson, Pieter Meulenhoff, 
           Teemu Murtola, Szilard Pall, Sander Pronk, Roland Schulz, 
                Michael Shirts, Alfons Sijbers, Peter Tieleman,

               Berk Hess, David van der Spoel, and Erik Lindahl.

       Copyright (c) 1991-2000, University of Groningen, The Netherlands.
         Copyright (c) 2001-2012,2013, The GROMACS development team at
        Uppsala University & The Royal Institute of Technology, Sweden.
            check out http://www.gromacs.org for more information.

         This program is free software; you can redistribute it and/or
       modify it under the terms of the GNU Lesser General Public License
        as published by the Free Software Foundation; either version 2.1
             of the License, or (at your option) any later version.

                              :-)  mdrun_mpi  (-:


++++ PLEASE READ AND CITE THE FOLLOWING REFERENCE ++++
B. Hess and C. Kutzner and D. van der Spoel and E. Lindahl
GROMACS 4: Algorithms for highly efficient, load-balanced, and scalable
molecular simulation
J. Chem. Theory Comput. 4 (2008) pp. 435-447
-------- -------- --- Thank You --- -------- --------


++++ PLEASE READ AND CITE THE FOLLOWING REFERENCE ++++
D. van der Spoel, E. Lindahl, B. Hess, G. Groenhof, A. E. Mark and H. J. C.
Berendsen
GROMACS: Fast, Flexible and Free
J. Comp. Chem. 26 (2005) pp. 1701-1719
-------- -------- --- Thank You --- -------- --------


++++ PLEASE READ AND CITE THE FOLLOWING REFERENCE ++++
E. Lindahl and B. Hess and D. van der Spoel
GROMACS 3.0: A package for molecular simulation and trajectory analysis
J. Mol. Mod. 7 (2001) pp. 306-317
-------- -------- --- Thank You --- -------- --------


++++ PLEASE READ AND CITE THE FOLLOWING REFERENCE ++++
H. J. C. Berendsen, D. van der Spoel and R. van Drunen
GROMACS: A message-passing parallel molecular dynamics implementation
Comp. Phys. Comm. 91 (1995) pp. 43-56
-------- -------- --- Thank You --- -------- --------

Input Parameters:
   integrator           = md
   nsteps               = 50000
   init-step            = 0
   cutoff-scheme        = Group
   ns_type              = Grid
   nstlist              = 5
   ndelta               = 2
   nstcomm              = 100
   comm-mode            = Linear
   nstlog               = 5000
   nstxout              = 5000
   nstvout              = 5000
   nstfout              = 0
   nstcalcenergy        = 100
   nstenergy            = 5000
   nstxtcout            = 0
   init-t               = 0
   delta-t              = 0.002
   xtcprec              = 1000
   fourierspacing       = 0.16
   nkx                  = 28
   nky                  = 28
   nkz                  = 28
   pme-order            = 4
   ewald-rtol           = 1e-05
   ewald-geometry       = 0
   epsilon-surface      = 0
   optimize-fft         = FALSE
   ePBC                 = xyz
   bPeriodicMols        = FALSE
   bContinuation        = FALSE
   bShakeSOR            = FALSE
   etc                  = V-rescale
   bPrintNHChains       = FALSE
   nsttcouple           = 5
   epc                  = No
   epctype              = Isotropic
   nstpcouple           = -1
   tau-p                = 1
   ref-p (3x3):
      ref-p[    0]={ 0.00000e+00,  0.00000e+00,  0.00000e+00}
      ref-p[    1]={ 0.00000e+00,  0.00000e+00,  0.00000e+00}
      ref-p[    2]={ 0.00000e+00,  0.00000e+00,  0.00000e+00}
   compress (3x3):
      compress[    0]={ 0.00000e+00,  0.00000e+00,  0.00000e+00}
      compress[    1]={ 0.00000e+00,  0.00000e+00,  0.00000e+00}
      compress[    2]={ 0.00000e+00,  0.00000e+00,  0.00000e+00}
   refcoord-scaling     = No
   posres-com (3):
      posres-com[0]= 0.00000e+00
      posres-com[1]= 0.00000e+00
      posres-com[2]= 0.00000e+00
   posres-comB (3):
      posres-comB[0]= 0.00000e+00
      posres-comB[1]= 0.00000e+00
      posres-comB[2]= 0.00000e+00
   verlet-buffer-drift  = 0.005
   rlist                = 1
   rlistlong            = 1
   nstcalclr            = 0
   rtpi                 = 0.05
   coulombtype          = PME
   coulomb-modifier     = None
   rcoulomb-switch      = 0
   rcoulomb             = 1
   vdwtype              = Cut-off
   vdw-modifier         = None
   rvdw-switch          = 0
   rvdw                 = 1
   epsilon-r            = 1
   epsilon-rf           = inf
   tabext               = 1
   implicit-solvent     = No
   gb-algorithm         = Still
   gb-epsilon-solvent   = 80
   nstgbradii           = 1
   rgbradii             = 1
   gb-saltconc          = 0
   gb-obc-alpha         = 1
   gb-obc-beta          = 0.8
   gb-obc-gamma         = 4.85
   gb-dielectric-offset = 0.009
   sa-algorithm         = Ace-approximation
   sa-surface-tension   = 2.05016
   DispCorr             = EnerPres
   bSimTemp             = FALSE
   free-energy          = no
   nwall                = 0
   wall-type            = 9-3
   wall-atomtype[0]     = -1
   wall-atomtype[1]     = -1
   wall-density[0]      = 0
   wall-density[1]      = 0
   wall-ewald-zfac      = 3
   pull                 = no
   rotation             = FALSE
   disre                = No
   disre-weighting      = Conservative
   disre-mixed          = FALSE
   dr-fc                = 1000
   dr-tau               = 0
   nstdisreout          = 100
   orires-fc            = 0
   orires-tau           = 0
   nstorireout          = 100
   dihre-fc             = 0
   em-stepsize          = 0.01
   em-tol               = 10
   niter                = 20
   fc-stepsize          = 0
   nstcgsteep           = 1000
   nbfgscorr            = 10
   ConstAlg             = Lincs
   shake-tol            = 0.0001
   lincs-order          = 4
   lincs-warnangle      = 30
   lincs-iter           = 1
   bd-fric              = 0
   ld-seed              = 1993
   cos-accel            = 0
   deform (3x3):
      deform[    0]={ 0.00000e+00,  0.00000e+00,  0.00000e+00}
      deform[    1]={ 0.00000e+00,  0.00000e+00,  0.00000e+00}
      deform[    2]={ 0.00000e+00,  0.00000e+00,  0.00000e+00}
   adress               = FALSE
   userint1             = 0
   userint2             = 0
   userint3             = 0
   userint4             = 0
   userreal1            = 0
   userreal2            = 0
   userreal3            = 0
   userreal4            = 0
grpopts:
   nrdf:     247.933     10848.1
   ref-t:      420.79      420.79
   tau-t:         0.1         0.1
anneal:          No          No
ann-npoints:           0           0
   acc:	           0           0           0
   nfreeze:           N           N           N
   energygrp-flags[  0]: 0
   efield-x:
      n = 0
   efield-xt:
      n = 0
   efield-y:
      n = 0
   efield-yt:
      n = 0
   efield-z:
      n = 0
   efield-zt:
      n = 0
   bQMMM                = FALSE
   QMconstraints        = 0
   QMMMscheme           = 0
   scalefactor          = 1
qm-opts:
   ngQM                 = 0
Using 1 MPI process

Detecting CPU-specific acceleration.
Present hardware specification:
Vendor: GenuineIntel
Brand:  Intel(R) Xeon(R) CPU           X5650  @ 2.67GHz
Family:  6  Model: 44  Stepping:  2
Features: aes apic clfsh cmov cx8 cx16 htt lahf_lm mmx msr nonstop_tsc pcid pclmuldq pdcm pdpe1gb popcnt pse rdtscp sse2 sse3 sse4.1 sse4.2 ssse3
Acceleration most likely to fit this hardware: SSE4.1
Acceleration selected at GROMACS compile time: SSE4.1

Table routines are used for coulomb: FALSE
Table routines are used for vdw:     FALSE
Will do PME sum in reciprocal space.

++++ PLEASE READ AND CITE THE FOLLOWING REFERENCE ++++
U. Essmann, L. Perera, M. L. Berkowitz, T. Darden, H. Lee and L. G. Pedersen 
A smooth particle mesh Ewald method
J. Chem. Phys. 103 (1995) pp. 8577-8592
-------- -------- --- Thank You --- -------- --------

Will do ordinary reciprocal space Ewald sum.
Using a Gaussian width (1/beta) of 0.320163 nm for Ewald
Cut-off's:   NS: 1   Coulomb: 1   LJ: 1
Long Range LJ corr.: <C6> 3.1029e-04
System total charge: 0.000
Generated table with 1000 data points for Ewald.
Tabscale = 500 points/nm
Generated table with 1000 data points for LJ6.
Tabscale = 500 points/nm
Generated table with 1000 data points for LJ12.
Tabscale = 500 points/nm
Generated table with 1000 data points for 1-4 COUL.
Tabscale = 500 points/nm
Generated table with 1000 data points for 1-4 LJ6.
Tabscale = 500 points/nm
Generated table with 1000 data points for 1-4 LJ12.
Tabscale = 500 points/nm
Potential shift: LJ r^-12: 0.000 r^-6 0.000, Ewald 0.000e+00
Initialized non-bonded Ewald correction tables, spacing: 6.60e-04 size: 3033

Removing pbc first time

Initializing LINear Constraint Solver

++++ PLEASE READ AND CITE THE FOLLOWING REFERENCE ++++
B. Hess and H. Bekker and H. J. C. Berendsen and J. G. E. M. Fraaije
LINCS: A Linear Constraint Solver for molecular simulations
J. Comp. Chem. 18 (1997) pp. 1463-1472
-------- -------- --- Thank You --- -------- --------

The number of constraints is 127

++++ PLEASE READ AND CITE THE FOLLOWING REFERENCE ++++
S. Miyamoto and P. A. Kollman
SETTLE: An Analytical Version of the SHAKE and RATTLE Algorithms for Rigid
Water Models
J. Comp. Chem. 13 (1992) pp. 952-962
-------- -------- --- Thank You --- -------- --------

Center of mass motion removal mode is Linear
We have the following groups for center of mass motion removal:
  0:  rest

++++ PLEASE READ AND CITE THE FOLLOWING REFERENCE ++++
G. Bussi, D. Donadio and M. Parrinello
Canonical sampling through velocity rescaling
J. Chem. Phys. 126 (2007) pp. 014101
-------- -------- --- Thank You --- -------- --------

There are: 5545 Atoms
Max number of connections per atom is 102
Total number of connections is 11081
Max number of graph edges per atom is 4
Total number of graph edges is 7466

Constraining the starting coordinates (step 0)

Constraining the coordinates at t0-dt (step 0)
RMS relative constraint deviation after constraining: 8.64e-05
Initial temperature: 415.51 K

Started mdrun on node 0 Wed Dec 31 16:00:00 1969
           Step           Time         Lambda
              0        0.00000        0.00000


Grid: 6 x 6 x 5 cells
   Energies (kJ/mol)
            U-B    Proper Dih.  Improper Dih.      CMAP Dih.          LJ-14
    2.41107e+02    3.15174e+02    6.43125e+00   -7.17550e+01    9.69195e+01
     Coulomb-14        LJ (SR)  Disper. corr.   Coulomb (SR)   Coul. recip.
    3.21988e+03    1.03731e+04   -3.51705e+02   -9.45575e+04   -1.20406e+04
 Position Rest.      Potential    Kinetic En.   Total Energy  Conserved En.
    1.47410e-01   -9.27688e+04    1.91654e+04   -7.36034e+04   -7.36034e+04
    Temperature Pres. DC (bar) Pressure (bar)   Constr. rmsd
    4.15475e+02   -2.05595e+02   -4.29646e+03    1.06832e-04

           Step           Time         Lambda
           5000       10.00000        0.00000

   Energies (kJ/mol)
            U-B    Proper Dih.  Improper Dih.      CMAP Dih.          LJ-14
    4.45888e+02    3.24033e+02    1.97944e+01   -5.49011e+01    1.28617e+02
     Coulomb-14        LJ (SR)  Disper. corr.   Coulomb (SR)   Coul. recip.
    3.22221e+03    6.87995e+03   -3.51705e+02   -6.83728e+04   -1.17600e+04
 Position Rest.      Potential    Kinetic En.   Total Energy  Conserved En.
    8.83879e+01   -6.94305e+04    1.93070e+04   -5.01235e+04   -7.35321e+04
    Temperature Pres. DC (bar) Pressure (bar)   Constr. rmsd
    4.18544e+02   -2.05595e+02    1.33592e+03    5.57922e-05

           Step           Time         Lambda
          10000       20.00000        0.00000

   Energies (kJ/mol)
            U-B    Proper Dih.  Improper Dih.      CMAP Dih.          LJ-14
    4.31458e+02    3.42007e+02    3.59862e+01   -6.64936e+01    1.39442e+02
     Coulomb-14        LJ (SR)  Disper. corr.   Coulomb (SR)   Coul. recip.
    3.28103e+03    7.07111e+03   -3.51705e+02   -6.82988e+04   -1.17396e+04
 Position Rest.      Potential    Kinetic En.   Total Energy  Conserved En.
    5.04138e+01   -6.91052e+04    1.95012e+04   -4.96040e+04   -7.35394e+04
    Temperature Pres. DC (bar) Pressure (bar)   Constr. rmsd
    4.22755e+02   -2.05595e+02    1.79945e+03    5.29578e-05

           Step           Time         Lambda
          15000       30.00000        0.00000

   Energies (kJ/mol)
            U-B    Proper Dih.  Improper Dih.      CMAP Dih.          LJ-14
    3.62308e+02    3.32821e+02    3.13044e+01   -5.11594e+01    1.21775e+02
     Coulomb-14        LJ (SR)  Disper. corr.   Coulomb (SR)   Coul. recip.
    3.31777e+03    5.94542e+03   -3.51705e+02   -6.76404e+04   -1.17365e+04
 Position Rest.      Potential    Kinetic En.   Total Energy  Conserved En.
    8.16657e+01   -6.95868e+04    1.92577e+04   -5.03290e+04   -7.35456e+04
    Temperature Pres. DC (bar) Pressure (bar)   Constr. rmsd
    4.17476e+02   -2.05595e+02    7.92554e+02    3.74621e-05

           Step           Time         Lambda
          20000       40.00000        0.00000

   Energies (kJ/mol)
            U-B    Proper Dih.  Improper Dih.      CMAP Dih.          LJ-14
    3.78727e+02    3.43366e+02    2.06609e+01   -6.55983e+01    1.37691e+02
     Coulomb-14        LJ (SR)  Disper. corr.   Coulomb (SR)   Coul. recip.
    3.26788e+03    6.75298e+03   -3.51705e+02   -6.81223e+04   -1.17710e+04
 Position Rest.      Potential    Kinetic En.   Total Energy  Conserved En.
    5.86666e+01   -6.93506e+04    1.94435e+04   -4.99072e+04   -7.35528e+04
    Temperature Pres. DC (bar) Pressure (bar)   Constr. rmsd
    4.21503e+02   -2.05595e+02    1.40152e+03    4.30620e-05

           Step           Time         Lambda
          25000       50.00000        0.00000

   Energies (kJ/mol)
            U-B    Proper Dih.  Improper Dih.      CMAP Dih.          LJ-14
    4.30506e+02    3.21640e+02    2.76219e+01   -6.74433e+01    1.36595e+02
     Coulomb-14        LJ (SR)  Disper. corr.   Coulomb (SR)   Coul. recip.
    3.23050e+03    6.50106e+03   -3.51705e+02   -6.77557e+04   -1.16955e+04
 Position Rest.      Potential    Kinetic En.   Total Energy  Conserved En.
    5.05373e+01   -6.91719e+04    1.92167e+04   -4.99552e+04   -7.35766e+04
    Temperature Pres. DC (bar) Pressure (bar)   Constr. rmsd
    4.16586e+02   -2.05595e+02    7.20119e+02    5.05888e-05

           Step           Time         Lambda
          30000       60.00000        0.00000

   Energies (kJ/mol)
            U-B    Proper Dih.  Improper Dih.      CMAP Dih.          LJ-14
    4.50184e+02    3.58441e+02    3.31633e+01   -7.54786e+01    1.19928e+02
     Coulomb-14        LJ (SR)  Disper. corr.   Coulomb (SR)   Coul. recip.
    3.28648e+03    6.81263e+03   -3.51705e+02   -6.82937e+04   -1.17831e+04
 Position Rest.      Potential    Kinetic En.   Total Energy  Conserved En.
    5.40574e+01   -6.93891e+04    1.93322e+04   -5.00569e+04   -7.35814e+04
    Temperature Pres. DC (bar) Pressure (bar)   Constr. rmsd
    4.19091e+02   -2.05595e+02    1.92580e+03    3.48261e-05

           Step           Time         Lambda
          35000       70.00000        0.00000

   Energies (kJ/mol)
            U-B    Proper Dih.  Improper Dih.      CMAP Dih.          LJ-14
    4.12792e+02    3.31330e+02    3.89945e+01   -5.11425e+01    1.65041e+02
     Coulomb-14        LJ (SR)  Disper. corr.   Coulomb (SR)   Coul. recip.
    3.27812e+03    6.41502e+03   -3.51705e+02   -6.72627e+04   -1.16362e+04
 Position Rest.      Potential    Kinetic En.   Total Energy  Conserved En.
    7.51095e+01   -6.85854e+04    1.99787e+04   -4.86067e+04   -7.35996e+04
    Temperature Pres. DC (bar) Pressure (bar)   Constr. rmsd
    4.33106e+02   -2.05595e+02    1.68108e+03    3.00897e-05

           Step           Time         Lambda
          40000       80.00000        0.00000

   Energies (kJ/mol)
            U-B    Proper Dih.  Improper Dih.      CMAP Dih.          LJ-14
    3.95410e+02    3.29116e+02    1.97210e+01   -4.49995e+01    1.12188e+02
     Coulomb-14        LJ (SR)  Disper. corr.   Coulomb (SR)   Coul. recip.
    3.26861e+03    6.30025e+03   -3.51705e+02   -6.75535e+04   -1.17049e+04
 Position Rest.      Potential    Kinetic En.   Total Energy  Conserved En.
    6.72772e+01   -6.91626e+04    1.94527e+04   -4.97099e+04   -7.36177e+04
    Temperature Pres. DC (bar) Pressure (bar)   Constr. rmsd
    4.21702e+02   -2.05595e+02    1.08343e+03    4.41556e-05

Writing checkpoint, step 41910 at Tue Sep  8 14:39:24 2020


           Step           Time         Lambda
          45000       90.00000        0.00000

   Energies (kJ/mol)
            U-B    Proper Dih.  Improper Dih.      CMAP Dih.          LJ-14
    3.78356e+02    3.61794e+02    2.51790e+01   -6.94736e+01    1.33666e+02
     Coulomb-14        LJ (SR)  Disper. corr.   Coulomb (SR)   Coul. recip.
    3.28328e+03    6.25180e+03   -3.51705e+02   -6.74061e+04   -1.17378e+04
 Position Rest.      Potential    Kinetic En.   Total Energy  Conserved En.
    5.32727e+01   -6.90776e+04    1.86960e+04   -5.03816e+04   -7.36301e+04
    Temperature Pres. DC (bar) Pressure (bar)   Constr. rmsd
    4.05299e+02   -2.05595e+02    9.97007e+02    4.67729e-05

           Step           Time         Lambda
          50000      100.00000        0.00000

Writing checkpoint, step 50000 at Tue Sep  8 14:42:20 2020


   Energies (kJ/mol)
            U-B    Proper Dih.  Improper Dih.      CMAP Dih.          LJ-14
    4.61350e+02    3.77439e+02    4.67362e+01   -7.19792e+01    1.36561e+02
     Coulomb-14        LJ (SR)  Disper. corr.   Coulomb (SR)   Coul. recip.
    3.24080e+03    6.33192e+03   -3.51705e+02   -6.79189e+04   -1.17346e+04
 Position Rest.      Potential    Kinetic En.   Total Energy  Conserved En.
    6.47176e+01   -6.94177e+04    1.97557e+04   -4.96620e+04   -7.36473e+04
    Temperature Pres. DC (bar) Pressure (bar)   Constr. rmsd
    4.28272e+02   -2.05595e+02    1.34816e+03    5.11371e-05

	<======  ###############  ==>
	<====  A V E R A G E S  ====>
	<==  ###############  ======>

	Statistics over 50001 steps using 501 frames

   Energies (kJ/mol)
            U-B    Proper Dih.  Improper Dih.      CMAP Dih.          LJ-14
    4.19073e+02    3.35196e+02    2.85265e+01   -5.68479e+01    1.26262e+02
     Coulomb-14        LJ (SR)  Disper. corr.   Coulomb (SR)   Coul. recip.
    3.26028e+03    6.45683e+03   -3.51705e+02   -6.78185e+04   -1.17347e+04
 Position Rest.      Potential    Kinetic En.   Total Energy  Conserved En.
    6.34906e+01   -6.92721e+04    1.93769e+04   -4.98952e+04   -7.35765e+04
    Temperature Pres. DC (bar) Pressure (bar)   Constr. rmsd
    4.20060e+02   -2.05595e+02    1.33209e+03    0.00000e+00

   Total Virial (kJ/mol)
    4.18195e+03   -2.32395e+01   -3.88973e+01
   -2.32561e+01    4.19337e+03   -1.19037e+01
   -3.88422e+01   -1.19097e+01    4.16529e+03

   Pressure (bar)
    1.33296e+03    1.42251e+01    2.48068e+01
    1.42348e+01    1.33242e+03    5.96780e+00
    2.47745e+01    5.97128e+00    1.33089e+03

      T-Protein  T-non-Protein
    4.19454e+02    4.20074e+02


	M E G A - F L O P S   A C C O U N T I N G

 NB=Group-cutoff nonbonded kernels    NxN=N-by-N cluster Verlet kernels
 RF=Reaction-Field  VdW=Van der Waals  QSTab=quadratic-spline table
 W3=SPC/TIP3p  W4=TIP4p (single or pairs)
 V&F=Potential and force  V=Potential only  F=Force only

 Computing:                               M-Number         M-Flops  % Flops
-----------------------------------------------------------------------------
 NB VdW [V&F]                            11.250225          11.250     0.0
 NB VdW & Elec. [V&F]                 31142.194371       31142.194     1.0
 NB VdW & Elec. [F]                 2506845.703021     2506845.703    80.6
 1,4 nonbonded interactions              16.050321        1444.529     0.0
 Calc Weights                           831.766635       29943.599     1.0
 Spread Q Bspline                     17744.354880       35488.710     1.1
 Gather F Bspline                     17744.354880      106466.129     3.4
 3D-FFT                               31659.933186      253279.465     8.1
 Solve PME                               39.200784        2508.850     0.1
 NS-Pairs                              4577.241429       96122.070     3.1
 Reset In Box                            19.391939          58.176     0.0
 Shift-X                               1106.822136        6640.933     0.2
 CG-CoM                                  55.455545         166.367     0.0
 Propers                                 15.000300        3435.069     0.1
 Impropers                                1.050021         218.404     0.0
 Pos. Restr.                              3.350067         167.503     0.0
 Virial                                   2.800590          50.411     0.0
 Stop-CM                                  2.783590          27.836     0.0
 Calc-Ekin                              110.911090        2994.599     0.1
 Lincs                                    6.350381         381.023     0.0
 Lincs-Mat                              135.008100         540.032     0.0
 Constraint-V                           283.161326        2265.291     0.1
 Constraint-Vir                           2.773536          66.565     0.0
 Settle                                  90.155409       29120.197     0.9
 (null)                                   0.500010           0.000     0.0
-----------------------------------------------------------------------------
 Total                                                 3109384.906   100.0
-----------------------------------------------------------------------------


     R E A L   C Y C L E   A N D   T I M E   A C C O U N T I N G

 Computing:         Nodes   Th.     Count  Wall t (s)     G-Cycles       %
-----------------------------------------------------------------------------
 Neighbor search        1    1      10001     191.991      511.828    17.9
 Force                  1    1      50001     717.689     1913.290    66.7
 PME mesh               1    1      50001      70.434      187.769     6.6
 Write traj.            1    1         12       0.121        0.322     0.0
 Update                 1    1      50001       3.786       10.092     0.4
 Constraints            1    1      50001      15.821       42.176     1.5
 Rest                   1                      75.418      201.058     7.0
-----------------------------------------------------------------------------
 Total                  1                    1075.259     2866.536   100.0
-----------------------------------------------------------------------------
-----------------------------------------------------------------------------
 PME spread/gather      1    1     100002      47.753      127.306     4.4
 PME 3D-FFT             1    1     100002      17.775       47.387     1.7
 PME solve              1    1      50001       4.821       12.853     0.4
-----------------------------------------------------------------------------

               Core t (s)   Wall t (s)        (%)
       Time:     1074.710     1075.259       99.9
                 (ns/day)    (hour/ns)
Performance:        8.035        2.987
Finished mdrun on node 0 Tue Sep  8 14:42:20 2020
