Log file opened on Tue Sep  8 14:42:55 2020
Host: pod29b16  pid: 24450  nodeid: 0  nnodes:  1
Gromacs version:    VERSION 4.6.7
Precision:          single
Memory model:       64 bit
MPI library:        MPI
OpenMP support:     enabled
GPU support:        disabled
invsqrt routine:    gmx_software_invsqrt(x)
CPU acceleration:   SSE4.1
FFT library:        fftw-3.3.2-sse2
Large file support: enabled
RDTSCP usage:       enabled
Built on:           Tue Sep  8 14:10:57 PDT 2020
Built by:           cttm4a1@seawolf2 [CMAKE]
Build OS/arch:      Linux 2.6.32-358.18.1.el6.x86_64 x86_64
Build CPU vendor:   GenuineIntel
Build CPU brand:    Intel(R) Xeon(R) CPU           X5650  @ 2.67GHz
Build CPU family:   6   Model: 44   Stepping: 2
Build CPU features: aes apic clfsh cmov cx8 cx16 htt lahf_lm mmx msr nonstop_tsc pcid pclmuldq pdcm pdpe1gb popcnt pse rdtscp sse2 sse3 sse4.1 sse4.2 ssse3
C compiler:         /usr/bin/cc GNU cc (GCC) 4.4.7 20120313 (Red Hat 4.4.7-3)
C compiler flags:   -msse4.1    -Wextra -Wno-missing-field-initializers -Wno-sign-compare -Wall -Wno-unused -Wunused-value   -fomit-frame-pointer -funroll-all-loops  -O3 -DNDEBUG


                         :-)  G  R  O  M  A  C  S  (-:

              GROningen Mixture of Alchemy and Childrens' Stories

                            :-)  VERSION 4.6.7  (-:

        Contributions from Mark Abraham, Emile Apol, Rossen Apostolov, 
           Herman J.C. Berendsen, Aldert van Buuren, Pär Bjelkmar,  
     Rudi van Drunen, Anton Feenstra, Gerrit Groenhof, Christoph Junghans, 
        Peter Kasson, Carsten Kutzner, Per Larsson, Pieter Meulenhoff, 
           Teemu Murtola, Szilard Pall, Sander Pronk, Roland Schulz, 
                Michael Shirts, Alfons Sijbers, Peter Tieleman,

               Berk Hess, David van der Spoel, and Erik Lindahl.

       Copyright (c) 1991-2000, University of Groningen, The Netherlands.
         Copyright (c) 2001-2012,2013, The GROMACS development team at
        Uppsala University & The Royal Institute of Technology, Sweden.
            check out http://www.gromacs.org for more information.

         This program is free software; you can redistribute it and/or
       modify it under the terms of the GNU Lesser General Public License
        as published by the Free Software Foundation; either version 2.1
             of the License, or (at your option) any later version.

                              :-)  mdrun_mpi  (-:


++++ PLEASE READ AND CITE THE FOLLOWING REFERENCE ++++
B. Hess and C. Kutzner and D. van der Spoel and E. Lindahl
GROMACS 4: Algorithms for highly efficient, load-balanced, and scalable
molecular simulation
J. Chem. Theory Comput. 4 (2008) pp. 435-447
-------- -------- --- Thank You --- -------- --------


++++ PLEASE READ AND CITE THE FOLLOWING REFERENCE ++++
D. van der Spoel, E. Lindahl, B. Hess, G. Groenhof, A. E. Mark and H. J. C.
Berendsen
GROMACS: Fast, Flexible and Free
J. Comp. Chem. 26 (2005) pp. 1701-1719
-------- -------- --- Thank You --- -------- --------


++++ PLEASE READ AND CITE THE FOLLOWING REFERENCE ++++
E. Lindahl and B. Hess and D. van der Spoel
GROMACS 3.0: A package for molecular simulation and trajectory analysis
J. Mol. Mod. 7 (2001) pp. 306-317
-------- -------- --- Thank You --- -------- --------


++++ PLEASE READ AND CITE THE FOLLOWING REFERENCE ++++
H. J. C. Berendsen, D. van der Spoel and R. van Drunen
GROMACS: A message-passing parallel molecular dynamics implementation
Comp. Phys. Comm. 91 (1995) pp. 43-56
-------- -------- --- Thank You --- -------- --------

Input Parameters:
   integrator           = md
   nsteps               = 150000
   init-step            = 0
   cutoff-scheme        = Group
   ns_type              = Grid
   nstlist              = 5
   ndelta               = 2
   nstcomm              = 100
   comm-mode            = Linear
   nstlog               = 5000
   nstxout              = 5000
   nstvout              = 5000
   nstfout              = 0
   nstcalcenergy        = 100
   nstenergy            = 5000
   nstxtcout            = 0
   init-t               = 0
   delta-t              = 0.002
   xtcprec              = 1000
   fourierspacing       = 0.16
   nkx                  = 28
   nky                  = 28
   nkz                  = 28
   pme-order            = 4
   ewald-rtol           = 1e-05
   ewald-geometry       = 0
   epsilon-surface      = 0
   optimize-fft         = FALSE
   ePBC                 = xyz
   bPeriodicMols        = FALSE
   bContinuation        = TRUE
   bShakeSOR            = FALSE
   etc                  = V-rescale
   bPrintNHChains       = FALSE
   nsttcouple           = 5
   epc                  = Parrinello-Rahman
   epctype              = Isotropic
   nstpcouple           = 5
   tau-p                = 2
   ref-p (3x3):
      ref-p[    0]={ 1.00000e+00,  0.00000e+00,  0.00000e+00}
      ref-p[    1]={ 0.00000e+00,  1.00000e+00,  0.00000e+00}
      ref-p[    2]={ 0.00000e+00,  0.00000e+00,  1.00000e+00}
   compress (3x3):
      compress[    0]={ 4.50000e-05,  0.00000e+00,  0.00000e+00}
      compress[    1]={ 0.00000e+00,  4.50000e-05,  0.00000e+00}
      compress[    2]={ 0.00000e+00,  0.00000e+00,  4.50000e-05}
   refcoord-scaling     = COM
   posres-com (3):
      posres-com[0]= 4.96001e-01
      posres-com[1]= 4.93150e-01
      posres-com[2]= 5.04249e-01
   posres-comB (3):
      posres-comB[0]= 0.00000e+00
      posres-comB[1]= 0.00000e+00
      posres-comB[2]= 0.00000e+00
   verlet-buffer-drift  = 0.005
   rlist                = 1
   rlistlong            = 1
   nstcalclr            = 0
   rtpi                 = 0.05
   coulombtype          = PME
   coulomb-modifier     = None
   rcoulomb-switch      = 0
   rcoulomb             = 1
   vdwtype              = Cut-off
   vdw-modifier         = None
   rvdw-switch          = 0
   rvdw                 = 1
   epsilon-r            = 1
   epsilon-rf           = inf
   tabext               = 1
   implicit-solvent     = No
   gb-algorithm         = Still
   gb-epsilon-solvent   = 80
   nstgbradii           = 1
   rgbradii             = 1
   gb-saltconc          = 0
   gb-obc-alpha         = 1
   gb-obc-beta          = 0.8
   gb-obc-gamma         = 4.85
   gb-dielectric-offset = 0.009
   sa-algorithm         = Ace-approximation
   sa-surface-tension   = 2.05016
   DispCorr             = EnerPres
   bSimTemp             = FALSE
   free-energy          = no
   nwall                = 0
   wall-type            = 9-3
   wall-atomtype[0]     = -1
   wall-atomtype[1]     = -1
   wall-density[0]      = 0
   wall-density[1]      = 0
   wall-ewald-zfac      = 3
   pull                 = no
   rotation             = FALSE
   disre                = No
   disre-weighting      = Conservative
   disre-mixed          = FALSE
   dr-fc                = 1000
   dr-tau               = 0
   nstdisreout          = 100
   orires-fc            = 0
   orires-tau           = 0
   nstorireout          = 100
   dihre-fc             = 0
   em-stepsize          = 0.01
   em-tol               = 10
   niter                = 20
   fc-stepsize          = 0
   nstcgsteep           = 1000
   nbfgscorr            = 10
   ConstAlg             = Lincs
   shake-tol            = 0.0001
   lincs-order          = 4
   lincs-warnangle      = 30
   lincs-iter           = 1
   bd-fric              = 0
   ld-seed              = 1993
   cos-accel            = 0
   deform (3x3):
      deform[    0]={ 0.00000e+00,  0.00000e+00,  0.00000e+00}
      deform[    1]={ 0.00000e+00,  0.00000e+00,  0.00000e+00}
      deform[    2]={ 0.00000e+00,  0.00000e+00,  0.00000e+00}
   adress               = FALSE
   userint1             = 0
   userint2             = 0
   userint3             = 0
   userint4             = 0
   userreal1            = 0
   userreal2            = 0
   userreal3            = 0
   userreal4            = 0
grpopts:
   nrdf:     247.933     10848.1
   ref-t:      289.73      289.73
   tau-t:         0.1         0.1
anneal:          No          No
ann-npoints:           0           0
   acc:	           0           0           0
   nfreeze:           N           N           N
   energygrp-flags[  0]: 0
   efield-x:
      n = 0
   efield-xt:
      n = 0
   efield-y:
      n = 0
   efield-yt:
      n = 0
   efield-z:
      n = 0
   efield-zt:
      n = 0
   bQMMM                = FALSE
   QMconstraints        = 0
   QMMMscheme           = 0
   scalefactor          = 1
qm-opts:
   ngQM                 = 0
Using 1 MPI process

Detecting CPU-specific acceleration.
Present hardware specification:
Vendor: GenuineIntel
Brand:  Intel(R) Xeon(R) CPU           X5650  @ 2.67GHz
Family:  6  Model: 44  Stepping:  2
Features: aes apic clfsh cmov cx8 cx16 htt lahf_lm mmx msr nonstop_tsc pcid pclmuldq pdcm pdpe1gb popcnt pse rdtscp sse2 sse3 sse4.1 sse4.2 ssse3
Acceleration most likely to fit this hardware: SSE4.1
Acceleration selected at GROMACS compile time: SSE4.1

Table routines are used for coulomb: FALSE
Table routines are used for vdw:     FALSE
Will do PME sum in reciprocal space.

++++ PLEASE READ AND CITE THE FOLLOWING REFERENCE ++++
U. Essmann, L. Perera, M. L. Berkowitz, T. Darden, H. Lee and L. G. Pedersen 
A smooth particle mesh Ewald method
J. Chem. Phys. 103 (1995) pp. 8577-8592
-------- -------- --- Thank You --- -------- --------

Will do ordinary reciprocal space Ewald sum.
Using a Gaussian width (1/beta) of 0.320163 nm for Ewald
Cut-off's:   NS: 1   Coulomb: 1   LJ: 1
Long Range LJ corr.: <C6> 3.1029e-04
System total charge: 0.000
Generated table with 1000 data points for Ewald.
Tabscale = 500 points/nm
Generated table with 1000 data points for LJ6.
Tabscale = 500 points/nm
Generated table with 1000 data points for LJ12.
Tabscale = 500 points/nm
Generated table with 1000 data points for 1-4 COUL.
Tabscale = 500 points/nm
Generated table with 1000 data points for 1-4 LJ6.
Tabscale = 500 points/nm
Generated table with 1000 data points for 1-4 LJ12.
Tabscale = 500 points/nm
Potential shift: LJ r^-12: 0.000 r^-6 0.000, Ewald 0.000e+00
Initialized non-bonded Ewald correction tables, spacing: 6.60e-04 size: 3033

Pinning threads with an auto-selected logical core stride of 1

Initializing LINear Constraint Solver

++++ PLEASE READ AND CITE THE FOLLOWING REFERENCE ++++
B. Hess and H. Bekker and H. J. C. Berendsen and J. G. E. M. Fraaije
LINCS: A Linear Constraint Solver for molecular simulations
J. Comp. Chem. 18 (1997) pp. 1463-1472
-------- -------- --- Thank You --- -------- --------

The number of constraints is 127

++++ PLEASE READ AND CITE THE FOLLOWING REFERENCE ++++
S. Miyamoto and P. A. Kollman
SETTLE: An Analytical Version of the SHAKE and RATTLE Algorithms for Rigid
Water Models
J. Comp. Chem. 13 (1992) pp. 952-962
-------- -------- --- Thank You --- -------- --------

Center of mass motion removal mode is Linear
We have the following groups for center of mass motion removal:
  0:  rest

++++ PLEASE READ AND CITE THE FOLLOWING REFERENCE ++++
G. Bussi, D. Donadio and M. Parrinello
Canonical sampling through velocity rescaling
J. Chem. Phys. 126 (2007) pp. 014101
-------- -------- --- Thank You --- -------- --------

There are: 5545 Atoms
Max number of connections per atom is 102
Total number of connections is 11081
Max number of graph edges per atom is 4
Total number of graph edges is 7466
Initial temperature: 293.364 K

Started mdrun on node 0 Wed Dec 31 16:00:00 1969
           Step           Time         Lambda
              0        0.00000        0.00000


Grid: 6 x 6 x 5 cells
   Energies (kJ/mol)
            U-B    Proper Dih.  Improper Dih.      CMAP Dih.          LJ-14
    3.47422e+02    3.07736e+02    1.44980e+01   -4.71002e+01    1.23509e+02
     Coulomb-14        LJ (SR)  Disper. corr.   Coulomb (SR)   Coul. recip.
    3.26689e+03    7.89607e+03   -3.51705e+02   -7.83652e+04   -1.19327e+04
 Position Rest.      Potential    Kinetic En.   Total Energy    Temperature
    8.29652e-03   -7.87405e+04    1.35372e+04   -6.52033e+04    2.93465e+02
 Pres. DC (bar) Pressure (bar)   Constr. rmsd
   -2.05595e+02   -1.05643e+03    4.40262e-05

           Step           Time         Lambda
           5000       10.00000        0.00000

   Energies (kJ/mol)
            U-B    Proper Dih.  Improper Dih.      CMAP Dih.          LJ-14
    2.94257e+02    2.92503e+02    1.70449e+01   -4.19750e+01    1.37653e+02
     Coulomb-14        LJ (SR)  Disper. corr.   Coulomb (SR)   Coul. recip.
    3.27601e+03    8.19196e+03   -3.69637e+02   -7.93995e+04   -1.19765e+04
 Position Rest.      Potential    Kinetic En.   Total Energy    Temperature
    3.05848e+01   -7.95476e+04    1.33395e+04   -6.62081e+04    2.89179e+02
 Pres. DC (bar) Pressure (bar)   Constr. rmsd
   -2.27094e+02    9.64270e+01    2.85957e-05

           Step           Time         Lambda
          10000       20.00000        0.00000

   Energies (kJ/mol)
            U-B    Proper Dih.  Improper Dih.      CMAP Dih.          LJ-14
    3.55137e+02    2.89111e+02    1.72608e+01   -5.86519e+01    1.13423e+02
     Coulomb-14        LJ (SR)  Disper. corr.   Coulomb (SR)   Coul. recip.
    3.21897e+03    8.03356e+03   -3.72792e+02   -7.92888e+04   -1.19619e+04
 Position Rest.      Potential    Kinetic En.   Total Energy    Temperature
    2.84327e+01   -7.96262e+04    1.36144e+04   -6.60118e+04    2.95139e+02
 Pres. DC (bar) Pressure (bar)   Constr. rmsd
   -2.30987e+02   -1.84098e+02    3.79241e-05

           Step           Time         Lambda
          15000       30.00000        0.00000

   Energies (kJ/mol)
            U-B    Proper Dih.  Improper Dih.      CMAP Dih.          LJ-14
    3.51778e+02    3.05144e+02    1.56892e+01   -4.84542e+01    1.09880e+02
     Coulomb-14        LJ (SR)  Disper. corr.   Coulomb (SR)   Coul. recip.
    3.22711e+03    8.50002e+03   -3.73204e+02   -7.99861e+04   -1.19707e+04
 Position Rest.      Potential    Kinetic En.   Total Energy    Temperature
    3.12568e+01   -7.98375e+04    1.32179e+04   -6.66196e+04    2.86543e+02
 Pres. DC (bar) Pressure (bar)   Constr. rmsd
   -2.31499e+02    1.10750e+02    3.85375e-05

           Step           Time         Lambda
          20000       40.00000        0.00000

   Energies (kJ/mol)
            U-B    Proper Dih.  Improper Dih.      CMAP Dih.          LJ-14
    3.22501e+02    2.97364e+02    2.00396e+01   -5.07413e+01    1.06698e+02
     Coulomb-14        LJ (SR)  Disper. corr.   Coulomb (SR)   Coul. recip.
    3.27640e+03    8.36722e+03   -3.73838e+02   -7.98482e+04   -1.19746e+04
 Position Rest.      Potential    Kinetic En.   Total Energy    Temperature
    2.33770e+01   -7.98338e+04    1.33530e+04   -6.64808e+04    2.89471e+02
 Pres. DC (bar) Pressure (bar)   Constr. rmsd
   -2.32286e+02    2.83737e+02    3.48351e-05

           Step           Time         Lambda
          25000       50.00000        0.00000

   Energies (kJ/mol)
            U-B    Proper Dih.  Improper Dih.      CMAP Dih.          LJ-14
    3.85409e+02    3.00335e+02    3.43453e+01   -6.74001e+01    1.13519e+02
     Coulomb-14        LJ (SR)  Disper. corr.   Coulomb (SR)   Coul. recip.
    3.28525e+03    8.22607e+03   -3.75049e+02   -7.98260e+04   -1.19895e+04
 Position Rest.      Potential    Kinetic En.   Total Energy    Temperature
    3.20762e+01   -7.98810e+04    1.31742e+04   -6.67068e+04    2.85595e+02
 Pres. DC (bar) Pressure (bar)   Constr. rmsd
   -2.33792e+02    1.32474e+02    3.68798e-05

           Step           Time         Lambda
          30000       60.00000        0.00000

   Energies (kJ/mol)
            U-B    Proper Dih.  Improper Dih.      CMAP Dih.          LJ-14
    2.98626e+02    3.00726e+02    2.27749e+01   -5.17801e+01    1.28821e+02
     Coulomb-14        LJ (SR)  Disper. corr.   Coulomb (SR)   Coul. recip.
    3.24359e+03    9.07044e+03   -3.71082e+02   -8.04173e+04   -1.20075e+04
 Position Rest.      Potential    Kinetic En.   Total Energy    Temperature
    3.25531e+01   -7.97501e+04    1.31772e+04   -6.65729e+04    2.85660e+02
 Pres. DC (bar) Pressure (bar)   Constr. rmsd
   -2.28873e+02    9.34406e+02    2.80457e-05

           Step           Time         Lambda
          35000       70.00000        0.00000

   Energies (kJ/mol)
            U-B    Proper Dih.  Improper Dih.      CMAP Dih.          LJ-14
    3.09425e+02    2.90704e+02    1.34426e+01   -4.83145e+01    1.31754e+02
     Coulomb-14        LJ (SR)  Disper. corr.   Coulomb (SR)   Coul. recip.
    3.30721e+03    8.73186e+03   -3.69106e+02   -7.93476e+04   -1.19528e+04
 Position Rest.      Potential    Kinetic En.   Total Energy    Temperature
    3.62700e+01   -7.88972e+04    1.37847e+04   -6.51124e+04    2.98831e+02
 Pres. DC (bar) Pressure (bar)   Constr. rmsd
   -2.26442e+02    9.45883e+02    3.05731e-05

Writing checkpoint, step 39490 at Tue Sep  8 14:57:56 2020


           Step           Time         Lambda
          40000       80.00000        0.00000

   Energies (kJ/mol)
            U-B    Proper Dih.  Improper Dih.      CMAP Dih.          LJ-14
    3.30628e+02    3.06497e+02    1.28659e+01   -5.70361e+01    1.05321e+02
     Coulomb-14        LJ (SR)  Disper. corr.   Coulomb (SR)   Coul. recip.
    3.21712e+03    8.08150e+03   -3.73728e+02   -7.95635e+04   -1.19600e+04
 Position Rest.      Potential    Kinetic En.   Total Energy    Temperature
    4.91032e+01   -7.98513e+04    1.34390e+04   -6.64123e+04    2.91335e+02
 Pres. DC (bar) Pressure (bar)   Constr. rmsd
   -2.32148e+02   -3.23732e+02    5.08444e-05

           Step           Time         Lambda
          45000       90.00000        0.00000

   Energies (kJ/mol)
            U-B    Proper Dih.  Improper Dih.      CMAP Dih.          LJ-14
    3.30387e+02    3.08573e+02    1.91095e+01   -3.78278e+01    1.16714e+02
     Coulomb-14        LJ (SR)  Disper. corr.   Coulomb (SR)   Coul. recip.
    3.26269e+03    8.07778e+03   -3.70382e+02   -7.95766e+04   -1.19771e+04
 Position Rest.      Potential    Kinetic En.   Total Energy    Temperature
    4.23998e+01   -7.98043e+04    1.33114e+04   -6.64929e+04    2.88569e+02
 Pres. DC (bar) Pressure (bar)   Constr. rmsd
   -2.28010e+02   -2.87334e+02    3.31740e-05

           Step           Time         Lambda
          50000      100.00000        0.00000

   Energies (kJ/mol)
            U-B    Proper Dih.  Improper Dih.      CMAP Dih.          LJ-14
    3.13562e+02    3.20543e+02    2.22285e+01   -6.63906e+01    1.36834e+02
     Coulomb-14        LJ (SR)  Disper. corr.   Coulomb (SR)   Coul. recip.
    3.24739e+03    8.57845e+03   -3.69771e+02   -7.98627e+04   -1.19933e+04
 Position Rest.      Potential    Kinetic En.   Total Energy    Temperature
    5.89453e+01   -7.96142e+04    1.35653e+04   -6.60489e+04    2.94075e+02
 Pres. DC (bar) Pressure (bar)   Constr. rmsd
   -2.27259e+02    5.23591e+02    3.08138e-05

           Step           Time         Lambda
          55000      110.00000        0.00000

   Energies (kJ/mol)
            U-B    Proper Dih.  Improper Dih.      CMAP Dih.          LJ-14
    3.20053e+02    3.13075e+02    2.72995e+01   -5.25991e+01    1.14066e+02
     Coulomb-14        LJ (SR)  Disper. corr.   Coulomb (SR)   Coul. recip.
    3.26711e+03    8.02159e+03   -3.69583e+02   -7.93015e+04   -1.20062e+04
 Position Rest.      Potential    Kinetic En.   Total Energy    Temperature
    3.79259e+01   -7.96287e+04    1.31612e+04   -6.64675e+04    2.85313e+02
 Pres. DC (bar) Pressure (bar)   Constr. rmsd
   -2.27027e+02   -2.61885e+02    3.35117e-05

           Step           Time         Lambda
          60000      120.00000        0.00000

   Energies (kJ/mol)
            U-B    Proper Dih.  Improper Dih.      CMAP Dih.          LJ-14
    3.35628e+02    3.00171e+02    1.13414e+01   -4.10248e+01    1.08987e+02
     Coulomb-14        LJ (SR)  Disper. corr.   Coulomb (SR)   Coul. recip.
    3.27172e+03    8.35860e+03   -3.70144e+02   -7.97677e+04   -1.19453e+04
 Position Rest.      Potential    Kinetic En.   Total Energy    Temperature
    4.57119e+01   -7.96920e+04    1.32848e+04   -6.64072e+04    2.87994e+02
 Pres. DC (bar) Pressure (bar)   Constr. rmsd
   -2.27718e+02   -1.72661e+02    4.43909e-05

           Step           Time         Lambda
          65000      130.00000        0.00000

   Energies (kJ/mol)
            U-B    Proper Dih.  Improper Dih.      CMAP Dih.          LJ-14
    3.10219e+02    3.27909e+02    1.59790e+01   -5.68107e+01    1.11221e+02
     Coulomb-14        LJ (SR)  Disper. corr.   Coulomb (SR)   Coul. recip.
    3.24767e+03    8.14271e+03   -3.69978e+02   -7.91380e+04   -1.19420e+04
 Position Rest.      Potential    Kinetic En.   Total Energy    Temperature
    4.69580e+01   -7.93041e+04    1.33691e+04   -6.59350e+04    2.89820e+02
 Pres. DC (bar) Pressure (bar)   Constr. rmsd
   -2.27514e+02   -1.40030e+02    3.68663e-05

           Step           Time         Lambda
          70000      140.00000        0.00000

   Energies (kJ/mol)
            U-B    Proper Dih.  Improper Dih.      CMAP Dih.          LJ-14
    3.07114e+02    3.04075e+02    1.84362e+01   -5.56867e+01    1.18907e+02
     Coulomb-14        LJ (SR)  Disper. corr.   Coulomb (SR)   Coul. recip.
    3.26486e+03    8.05352e+03   -3.71748e+02   -7.94257e+04   -1.19510e+04
 Position Rest.      Potential    Kinetic En.   Total Energy    Temperature
    3.42265e+01   -7.97031e+04    1.33094e+04   -6.63937e+04    2.88527e+02
 Pres. DC (bar) Pressure (bar)   Constr. rmsd
   -2.29695e+02   -1.23139e+02    3.44690e-05

           Step           Time         Lambda
          75000      150.00000        0.00000

   Energies (kJ/mol)
            U-B    Proper Dih.  Improper Dih.      CMAP Dih.          LJ-14
    3.73900e+02    2.93222e+02    1.88925e+01   -6.41916e+01    1.23932e+02
     Coulomb-14        LJ (SR)  Disper. corr.   Coulomb (SR)   Coul. recip.
    3.24371e+03    8.65580e+03   -3.69579e+02   -8.03852e+04   -1.19543e+04
 Position Rest.      Potential    Kinetic En.   Total Energy    Temperature
    3.64094e+01   -8.00274e+04    1.32347e+04   -6.67927e+04    2.86906e+02
 Pres. DC (bar) Pressure (bar)   Constr. rmsd
   -2.27023e+02    2.17049e+02    3.40929e-05

Writing checkpoint, step 78900 at Tue Sep  8 15:12:56 2020


           Step           Time         Lambda
          80000      160.00000        0.00000

   Energies (kJ/mol)
            U-B    Proper Dih.  Improper Dih.      CMAP Dih.          LJ-14
    3.01756e+02    2.96047e+02    1.23333e+01   -5.93686e+01    1.28493e+02
     Coulomb-14        LJ (SR)  Disper. corr.   Coulomb (SR)   Coul. recip.
    3.27801e+03    7.61094e+03   -3.69313e+02   -7.83484e+04   -1.19560e+04
 Position Rest.      Potential    Kinetic En.   Total Energy    Temperature
    3.42140e+01   -7.90712e+04    1.34294e+04   -6.56418e+04    2.91128e+02
 Pres. DC (bar) Pressure (bar)   Constr. rmsd
   -2.26696e+02   -4.65202e+02    2.71733e-05

           Step           Time         Lambda
          85000      170.00000        0.00000

   Energies (kJ/mol)
            U-B    Proper Dih.  Improper Dih.      CMAP Dih.          LJ-14
    3.34078e+02    3.07326e+02    1.95296e+01   -5.29201e+01    1.28829e+02
     Coulomb-14        LJ (SR)  Disper. corr.   Coulomb (SR)   Coul. recip.
    3.25933e+03    8.26254e+03   -3.76855e+02   -7.95056e+04   -1.19614e+04
 Position Rest.      Potential    Kinetic En.   Total Energy    Temperature
    5.83400e+01   -7.95268e+04    1.33104e+04   -6.62164e+04    2.88547e+02
 Pres. DC (bar) Pressure (bar)   Constr. rmsd
   -2.36050e+02    2.64531e+02    3.40957e-05

           Step           Time         Lambda
          90000      180.00000        0.00000

   Energies (kJ/mol)
            U-B    Proper Dih.  Improper Dih.      CMAP Dih.          LJ-14
    3.44985e+02    3.19142e+02    7.51293e+00   -4.41989e+01    1.03142e+02
     Coulomb-14        LJ (SR)  Disper. corr.   Coulomb (SR)   Coul. recip.
    3.21768e+03    8.36386e+03   -3.71298e+02   -7.99182e+04   -1.19747e+04
 Position Rest.      Potential    Kinetic En.   Total Energy    Temperature
    3.82382e+01   -7.99138e+04    1.36168e+04   -6.62970e+04    2.95191e+02
 Pres. DC (bar) Pressure (bar)   Constr. rmsd
   -2.29140e+02   -1.25853e+02    4.41804e-05

           Step           Time         Lambda
          95000      190.00000        0.00000

   Energies (kJ/mol)
            U-B    Proper Dih.  Improper Dih.      CMAP Dih.          LJ-14
    3.37272e+02    3.00190e+02    1.76271e+01   -5.28596e+01    1.18536e+02
     Coulomb-14        LJ (SR)  Disper. corr.   Coulomb (SR)   Coul. recip.
    3.24698e+03    8.66207e+03   -3.69379e+02   -8.00835e+04   -1.19747e+04
 Position Rest.      Potential    Kinetic En.   Total Energy    Temperature
    3.60874e+01   -7.97617e+04    1.29090e+04   -6.68527e+04    2.79846e+02
 Pres. DC (bar) Pressure (bar)   Constr. rmsd
   -2.26777e+02    1.81833e+02    3.75589e-05

           Step           Time         Lambda
         100000      200.00000        0.00000

   Energies (kJ/mol)
            U-B    Proper Dih.  Improper Dih.      CMAP Dih.          LJ-14
    3.16073e+02    3.06036e+02    1.48911e+01   -4.90914e+01    1.08969e+02
     Coulomb-14        LJ (SR)  Disper. corr.   Coulomb (SR)   Coul. recip.
    3.26145e+03    8.27031e+03   -3.70587e+02   -7.99736e+04   -1.19852e+04
 Position Rest.      Potential    Kinetic En.   Total Energy    Temperature
    3.60184e+01   -8.00648e+04    1.32800e+04   -6.67847e+04    2.87890e+02
 Pres. DC (bar) Pressure (bar)   Constr. rmsd
   -2.28262e+02   -2.61424e+02    3.84944e-05

           Step           Time         Lambda
         105000      210.00000        0.00000

   Energies (kJ/mol)
            U-B    Proper Dih.  Improper Dih.      CMAP Dih.          LJ-14
    3.35610e+02    3.17381e+02    2.72821e+01   -4.77015e+01    1.08651e+02
     Coulomb-14        LJ (SR)  Disper. corr.   Coulomb (SR)   Coul. recip.
    3.31882e+03    8.40357e+03   -3.71970e+02   -7.98902e+04   -1.19796e+04
 Position Rest.      Potential    Kinetic En.   Total Energy    Temperature
    3.95556e+01   -7.97386e+04    1.33946e+04   -6.63440e+04    2.90374e+02
 Pres. DC (bar) Pressure (bar)   Constr. rmsd
   -2.29969e+02    9.81371e+01    3.91426e-05

           Step           Time         Lambda
         110000      220.00000        0.00000

   Energies (kJ/mol)
            U-B    Proper Dih.  Improper Dih.      CMAP Dih.          LJ-14
    3.48977e+02    2.99810e+02    8.43423e+00   -5.15125e+01    1.20306e+02
     Coulomb-14        LJ (SR)  Disper. corr.   Coulomb (SR)   Coul. recip.
    3.31150e+03    8.10505e+03   -3.68497e+02   -7.95379e+04   -1.19933e+04
 Position Rest.      Potential    Kinetic En.   Total Energy    Temperature
    3.57290e+01   -7.97214e+04    1.35783e+04   -6.61432e+04    2.94355e+02
 Pres. DC (bar) Pressure (bar)   Constr. rmsd
   -2.25696e+02   -3.49612e+02    4.06045e-05

           Step           Time         Lambda
         115000      230.00000        0.00000

   Energies (kJ/mol)
            U-B    Proper Dih.  Improper Dih.      CMAP Dih.          LJ-14
    3.77669e+02    2.93565e+02    1.17265e+01   -4.94230e+01    1.18730e+02
     Coulomb-14        LJ (SR)  Disper. corr.   Coulomb (SR)   Coul. recip.
    3.24509e+03    8.45386e+03   -3.72458e+02   -7.99237e+04   -1.19576e+04
 Position Rest.      Potential    Kinetic En.   Total Energy    Temperature
    3.60415e+01   -7.97665e+04    1.33666e+04   -6.63999e+04    2.89766e+02
 Pres. DC (bar) Pressure (bar)   Constr. rmsd
   -2.30573e+02    4.49898e+02    3.48276e-05

Writing checkpoint, step 118355 at Tue Sep  8 15:27:56 2020


           Step           Time         Lambda
         120000      240.00000        0.00000

   Energies (kJ/mol)
            U-B    Proper Dih.  Improper Dih.      CMAP Dih.          LJ-14
    3.26960e+02    3.00404e+02    1.47037e+01   -5.33452e+01    1.16530e+02
     Coulomb-14        LJ (SR)  Disper. corr.   Coulomb (SR)   Coul. recip.
    3.28416e+03    7.98588e+03   -3.68782e+02   -7.94118e+04   -1.19714e+04
 Position Rest.      Potential    Kinetic En.   Total Energy    Temperature
    6.39683e+01   -7.97127e+04    1.35691e+04   -6.61435e+04    2.94157e+02
 Pres. DC (bar) Pressure (bar)   Constr. rmsd
   -2.26045e+02   -4.48048e+02    3.48195e-05

           Step           Time         Lambda
         125000      250.00000        0.00000

   Energies (kJ/mol)
            U-B    Proper Dih.  Improper Dih.      CMAP Dih.          LJ-14
    3.23553e+02    2.93859e+02    1.34031e+01   -5.82319e+01    1.26580e+02
     Coulomb-14        LJ (SR)  Disper. corr.   Coulomb (SR)   Coul. recip.
    3.28204e+03    7.62601e+03   -3.73425e+02   -7.87562e+04   -1.19745e+04
 Position Rest.      Potential    Kinetic En.   Total Energy    Temperature
    4.78801e+01   -7.94490e+04    1.36706e+04   -6.57784e+04    2.96358e+02
 Pres. DC (bar) Pressure (bar)   Constr. rmsd
   -2.31773e+02   -2.99785e+02    3.22546e-05

           Step           Time         Lambda
         130000      260.00000        0.00000

   Energies (kJ/mol)
            U-B    Proper Dih.  Improper Dih.      CMAP Dih.          LJ-14
    3.06081e+02    2.98281e+02    1.46216e+01   -4.31643e+01    1.08475e+02
     Coulomb-14        LJ (SR)  Disper. corr.   Coulomb (SR)   Coul. recip.
    3.28103e+03    8.08259e+03   -3.72201e+02   -7.95257e+04   -1.19999e+04
 Position Rest.      Potential    Kinetic En.   Total Energy    Temperature
    4.85958e+01   -7.98013e+04    1.32207e+04   -6.65806e+04    2.86603e+02
 Pres. DC (bar) Pressure (bar)   Constr. rmsd
   -2.30256e+02   -2.63807e+02    3.71101e-05

           Step           Time         Lambda
         135000      270.00000        0.00000

   Energies (kJ/mol)
            U-B    Proper Dih.  Improper Dih.      CMAP Dih.          LJ-14
    3.28321e+02    2.98248e+02    2.80917e+01   -4.94125e+01    1.14715e+02
     Coulomb-14        LJ (SR)  Disper. corr.   Coulomb (SR)   Coul. recip.
    3.27799e+03    8.44358e+03   -3.76069e+02   -7.99618e+04   -1.19877e+04
 Position Rest.      Potential    Kinetic En.   Total Energy    Temperature
    4.33242e+01   -7.98407e+04    1.34356e+04   -6.64052e+04    2.91261e+02
 Pres. DC (bar) Pressure (bar)   Constr. rmsd
   -2.35067e+02    4.39251e+02    3.78025e-05

           Step           Time         Lambda
         140000      280.00000        0.00000

   Energies (kJ/mol)
            U-B    Proper Dih.  Improper Dih.      CMAP Dih.          LJ-14
    3.24788e+02    2.91220e+02    1.32163e+01   -5.85761e+01    1.23402e+02
     Coulomb-14        LJ (SR)  Disper. corr.   Coulomb (SR)   Coul. recip.
    3.27021e+03    8.29455e+03   -3.71603e+02   -7.95772e+04   -1.19887e+04
 Position Rest.      Potential    Kinetic En.   Total Energy    Temperature
    3.15426e+01   -7.96471e+04    1.30516e+04   -6.65954e+04    2.82939e+02
 Pres. DC (bar) Pressure (bar)   Constr. rmsd
   -2.29516e+02    1.81815e+01    3.33073e-05

           Step           Time         Lambda
         145000      290.00000        0.00000

   Energies (kJ/mol)
            U-B    Proper Dih.  Improper Dih.      CMAP Dih.          LJ-14
    3.70437e+02    3.07774e+02    2.56786e+01   -4.64269e+01    1.12992e+02
     Coulomb-14        LJ (SR)  Disper. corr.   Coulomb (SR)   Coul. recip.
    3.23700e+03    8.32209e+03   -3.71798e+02   -7.96702e+04   -1.19634e+04
 Position Rest.      Potential    Kinetic En.   Total Energy    Temperature
    3.45309e+01   -7.96413e+04    1.33911e+04   -6.62502e+04    2.90298e+02
 Pres. DC (bar) Pressure (bar)   Constr. rmsd
   -2.29757e+02    1.48314e+02    3.00544e-05

           Step           Time         Lambda
         150000      300.00000        0.00000

Writing checkpoint, step 150000 at Tue Sep  8 15:39:58 2020


   Energies (kJ/mol)
            U-B    Proper Dih.  Improper Dih.      CMAP Dih.          LJ-14
    3.50693e+02    3.24719e+02    2.40959e+01   -5.70676e+01    1.21601e+02
     Coulomb-14        LJ (SR)  Disper. corr.   Coulomb (SR)   Coul. recip.
    3.24950e+03    8.21425e+03   -3.67524e+02   -7.95805e+04   -1.19611e+04
 Position Rest.      Potential    Kinetic En.   Total Energy    Temperature
    4.96751e+01   -7.96317e+04    1.33153e+04   -6.63164e+04    2.88654e+02
 Pres. DC (bar) Pressure (bar)   Constr. rmsd
   -2.24505e+02   -2.60926e+02    4.60459e-05

	<======  ###############  ==>
	<====  A V E R A G E S  ====>
	<==  ###############  ======>

	Statistics over 150001 steps using 1501 frames

   Energies (kJ/mol)
            U-B    Proper Dih.  Improper Dih.      CMAP Dih.          LJ-14
    3.32068e+02    3.02232e+02    1.91377e+01   -5.09979e+01    1.18200e+02
     Coulomb-14        LJ (SR)  Disper. corr.   Coulomb (SR)   Coul. recip.
    3.26385e+03    8.24674e+03   -3.70918e+02   -7.95216e+04   -1.19745e+04
 Position Rest.      Potential    Kinetic En.   Total Energy    Temperature
    4.26770e+01   -7.95931e+04    1.33562e+04   -6.62369e+04    2.89541e+02
 Pres. DC (bar) Pressure (bar)   Constr. rmsd
   -2.28681e+02   -9.35683e-01    0.00000e+00

          Box-X          Box-Y          Box-Z
    4.23927e+00    4.23927e+00    2.99762e+00

   Total Virial (kJ/mol)
    4.44408e+03   -3.23628e+01   -9.57861e+00
   -3.23266e+01    4.45554e+03   -4.27122e+00
   -9.60904e+00   -4.25447e+00    4.46582e+03

   Pressure (bar)
    8.20289e+00    2.08074e+01    6.92874e+00
    2.07855e+01   -2.25056e+00    1.06869e-01
    6.94746e+00    9.62650e-02   -8.75938e+00

      T-Protein  T-non-Protein
    2.89504e+02    2.89542e+02


	M E G A - F L O P S   A C C O U N T I N G

 NB=Group-cutoff nonbonded kernels    NxN=N-by-N cluster Verlet kernels
 RF=Reaction-Field  VdW=Van der Waals  QSTab=quadratic-spline table
 W3=SPC/TIP3p  W4=TIP4p (single or pairs)
 V&F=Potential and force  V=Potential only  F=Force only

 Computing:                               M-Number         M-Flops  % Flops
-----------------------------------------------------------------------------
 NB VdW [V&F]                            33.750225          33.750     0.0
 NB VdW & Elec. [V&F]                 98353.635687       98353.636     1.0
 NB VdW & Elec. [F]                 7927984.071170     7927984.071    81.2
 1,4 nonbonded interactions              48.150321        4333.529     0.0
 Calc Weights                          2495.266635       89829.599     0.9
 Spread Q Bspline                     53232.354880      106464.710     1.1
 Gather F Bspline                     53232.354880      319394.129     3.3
 3D-FFT                               94978.533186      759828.265     7.8
 Solve PME                              117.600784        7526.450     0.1
 NS-Pairs                             14240.120524      299042.531     3.1
 Reset In Box                            58.171939         174.516     0.0
 Shift-X                               3320.422136       19922.533     0.2
 CG-CoM                                 166.355545         499.067     0.0
 Propers                                 45.000300       10305.069     0.1
 Impropers                                3.150021         655.204     0.0
 Pos. Restr.                             10.050067         502.503     0.0
 Virial                                 167.705590        3018.701     0.0
 Stop-CM                                  8.328590          83.286     0.0
 Calc-Ekin                              332.711090        8983.199     0.1
 Lincs                                   19.050127        1143.008     0.0
 Lincs-Mat                              405.002700        1620.011     0.0
 Constraint-V                           849.455663        6795.645     0.1
 Constraint-Vir                         166.085536        3986.053     0.0
 Settle                                 270.451803       87355.932     0.9
 (null)                                   1.500010           0.000     0.0
-----------------------------------------------------------------------------
 Total                                                 9757835.397   100.0
-----------------------------------------------------------------------------


     R E A L   C Y C L E   A N D   T I M E   A C C O U N T I N G

 Computing:         Nodes   Th.     Count  Wall t (s)     G-Cycles       %
-----------------------------------------------------------------------------
 Neighbor search        1    1      30001     652.910     1740.608    19.1
 Force                  1    1     150001    2401.125     6401.215    70.1
 PME mesh               1    1     150001     237.071      632.013     6.9
 Write traj.            1    1         34       0.194        0.518     0.0
 Update                 1    1     150001      42.988      114.604     1.3
 Constraints            1    1     150001      52.710      140.521     1.5
 Rest                   1                      35.847       95.567     1.0
-----------------------------------------------------------------------------
 Total                  1                    3422.846     9125.045   100.0
-----------------------------------------------------------------------------
-----------------------------------------------------------------------------
 PME spread/gather      1    1     300002     155.950      415.749     4.6
 PME 3D-FFT             1    1     300002      58.885      156.984     1.7
 PME solve              1    1     150001      21.809       58.142     0.6
-----------------------------------------------------------------------------

               Core t (s)   Wall t (s)        (%)
       Time:     3420.780     3422.846       99.9
                         57:02
                 (ns/day)    (hour/ns)
Performance:        7.573        3.169
Finished mdrun on node 0 Tue Sep  8 15:39:58 2020
